<?xml version="1.0" encoding="UTF-8"?>
<robot generator="Robot 5.0.1 (Python 3.11.0 on win32)" generated="20230523 16:59:21.292" rpa="false" schemaversion="3">
<suite id="s1" name="Testcase" source="C:\Users\naikp\OneDrive\Desktop\Amazon\Testcases\Testcase.robot">
<kw name="open Browser and navigate to url" library="Keyword" type="SETUP">
<kw name="Open Browser" library="RPA.Browser.Selenium">
<arg>${url}</arg>
<arg>${Browser}</arg>
<doc>Opens a new browser instance to the optional ``url``.</doc>
<msg timestamp="20230523 16:59:22.501" level="INFO">Opening browser 'chrome' to base url 'https://www.Amazon.in'.</msg>
<status status="PASS" starttime="20230523 16:59:22.501" endtime="20230523 16:59:26.229"/>
</kw>
<kw name="Maximize Browser Window" library="RPA.Browser.Selenium">
<doc>Maximizes current browser window.</doc>
<status status="PASS" starttime="20230523 16:59:26.229" endtime="20230523 16:59:26.367"/>
</kw>
<status status="PASS" starttime="20230523 16:59:22.501" endtime="20230523 16:59:26.367"/>
</kw>
<test id="s1-t1" name="Verifying Amazon website homepage" line="7">
<kw name="Given User need to Scrolldown to the todays deals and click on the third item" library="Keyword">
<kw name="Wait Until Element Is Visible" library="RPA.Browser.Selenium">
<arg>${Todaydeals}</arg>
<doc>Waits until the element ``locator`` is visible.</doc>
<status status="PASS" starttime="20230523 16:59:26.374" endtime="20230523 16:59:26.664"/>
</kw>
<kw name="Scroll Element Into View" library="RPA.Browser.Selenium">
<arg>${Todaydeals}</arg>
<doc>Scrolls the element identified by ``locator`` into view.</doc>
<status status="PASS" starttime="20230523 16:59:26.664" endtime="20230523 16:59:27.016"/>
</kw>
<kw name="Click Element When Visible" library="RPA.Browser.Selenium">
<arg>${Product}</arg>
<doc>Click element identified by ``locator``, once it becomes visible.</doc>
<msg timestamp="20230523 16:59:27.074" level="INFO">Clicking element 'xpath://*[@class='a-unordered-list a-nostyle a-horizontal feed-carousel-shelf _deals-shoveler-v2_style_list__pjYuB']/li[3]'.</msg>
<status status="PASS" starttime="20230523 16:59:27.016" endtime="20230523 16:59:28.629"/>
</kw>
<status status="PASS" starttime="20230523 16:59:26.374" endtime="20230523 16:59:28.629"/>
</kw>
<kw name="When click on any of the items and verify the price" library="Keyword">
<kw name="Wait Until Element Is Visible" library="RPA.Browser.Selenium">
<arg>${Product1}</arg>
<doc>Waits until the element ``locator`` is visible.</doc>
<status status="PASS" starttime="20230523 16:59:28.637" endtime="20230523 16:59:28.748"/>
</kw>
<kw name="Get Text" library="RPA.Browser.Selenium">
<var>${price1}</var>
<arg>${price}</arg>
<doc>Returns the text value of the element identified by ``locator``.</doc>
<msg timestamp="20230523 16:59:28.808" level="INFO">${price1} = 59,990</msg>
<status status="PASS" starttime="20230523 16:59:28.748" endtime="20230523 16:59:28.808"/>
</kw>
<kw name="Click Element When Visible" library="RPA.Browser.Selenium">
<arg>${Product1}</arg>
<doc>Click element identified by ``locator``, once it becomes visible.</doc>
<msg timestamp="20230523 16:59:28.844" level="INFO">Clicking element 'xpath://*[@class='a-unordered-list a-nostyle a-horizontal a-spacing-none']/li[2]'.</msg>
<status status="PASS" starttime="20230523 16:59:28.808" endtime="20230523 16:59:34.983"/>
</kw>
<kw name="Wait Until Element Is Visible" library="RPA.Browser.Selenium">
<arg>${Actualprice}</arg>
<doc>Waits until the element ``locator`` is visible.</doc>
<status status="PASS" starttime="20230523 16:59:34.983" endtime="20230523 16:59:35.139"/>
</kw>
<kw name="Get Text" library="RPA.Browser.Selenium">
<var>${price2}</var>
<arg>${Actualprice}</arg>
<doc>Returns the text value of the element identified by ``locator``.</doc>
<msg timestamp="20230523 16:59:35.227" level="INFO">${price2} = 59,990</msg>
<status status="PASS" starttime="20230523 16:59:35.139" endtime="20230523 16:59:35.227"/>
</kw>
<kw name="Should Be Equal" library="BuiltIn">
<arg>${price1}</arg>
<arg>${price2}</arg>
<doc>Fails if the given objects are unequal.</doc>
<status status="PASS" starttime="20230523 16:59:35.227" endtime="20230523 16:59:35.235"/>
</kw>
<status status="PASS" starttime="20230523 16:59:28.637" endtime="20230523 16:59:35.235"/>
</kw>
<kw name="Then open product details and iterate through the table" library="Keyword">
<kw name="Scroll Element Into View" library="RPA.Browser.Selenium">
<arg>${Productdescription}</arg>
<doc>Scrolls the element identified by ``locator`` into view.</doc>
<status status="PASS" starttime="20230523 16:59:35.236" endtime="20230523 16:59:35.612"/>
</kw>
<kw name="Click Element When Visible" library="RPA.Browser.Selenium">
<arg>${Productdescription}</arg>
<doc>Click element identified by ``locator``, once it becomes visible.</doc>
<msg timestamp="20230523 16:59:35.693" level="INFO">Clicking element 'xpath://a[@id='seeMoreDetailsLink']'.</msg>
<status status="PASS" starttime="20230523 16:59:35.612" endtime="20230523 16:59:36.218"/>
</kw>
<kw name="Wait Until Element Is Visible" library="RPA.Browser.Selenium">
<arg>${Technicaldeatils}</arg>
<doc>Waits until the element ``locator`` is visible.</doc>
<status status="PASS" starttime="20230523 16:59:36.218" endtime="20230523 16:59:36.502"/>
</kw>
<kw name="Get Element Count" library="RPA.Browser.Selenium">
<var>${Row_count}</var>
<arg>${Row}</arg>
<doc>Returns the number of elements matching ``locator``.</doc>
<msg timestamp="20230523 16:59:36.680" level="INFO">${Row_count} = 53</msg>
<status status="PASS" starttime="20230523 16:59:36.502" endtime="20230523 16:59:36.680"/>
</kw>
<for flavor="IN RANGE">
<var>${Row_value}</var>
<value>1</value>
<value>${Row_count}+1</value>
<iter>
<var name="${Row_value}">1</var>
<kw name="Get Text" library="RPA.Browser.Selenium">
<var>${Row_key}</var>
<arg>xpath://*[@id="productDetails_techSpec_section_1"]/tbody/tr[${Row_value}]/th</arg>
<doc>Returns the text value of the element identified by ``locator``.</doc>
<msg timestamp="20230523 16:59:37.258" level="INFO">${Row_key} = Brand</msg>
<status status="PASS" starttime="20230523 16:59:36.680" endtime="20230523 16:59:37.258"/>
</kw>
<if>
<branch type="IF" condition="&quot;${Row_key}&quot; == &quot;${Actual_Key}&quot;">
<kw name="Get Text" library="RPA.Browser.Selenium">
<var>${columnvalue}</var>
<arg>xpath://*[@id="productDetails_techSpec_section_1"]/tbody/tr[${Row_value}]/td</arg>
<doc>Returns the text value of the element identified by ``locator``.</doc>
<status status="NOT RUN" starttime="20230523 16:59:37.258" endtime="20230523 16:59:37.258"/>
</kw>
<kw name="Log To Console" library="BuiltIn">
<arg>${Row_key}</arg>
<doc>Logs the given message to the console.</doc>
<status status="NOT RUN" starttime="20230523 16:59:37.258" endtime="20230523 16:59:37.258"/>
</kw>
<kw name="Log To Console" library="BuiltIn">
<arg>${columnvalue}</arg>
<doc>Logs the given message to the console.</doc>
<status status="NOT RUN" starttime="20230523 16:59:37.258" endtime="20230523 16:59:37.258"/>
</kw>
<status status="NOT RUN" starttime="20230523 16:59:37.258" endtime="20230523 16:59:37.258"/>
</branch>
<status status="PASS" starttime="20230523 16:59:37.258" endtime="20230523 16:59:37.258"/>
</if>
<kw name="Exit For Loop" library="BuiltIn">
<doc>Stops executing the enclosing FOR loop.</doc>
<msg timestamp="20230523 16:59:37.258" level="INFO">Exiting for loop altogether.</msg>
<status status="PASS" starttime="20230523 16:59:37.258" endtime="20230523 16:59:37.263"/>
</kw>
<status status="PASS" starttime="20230523 16:59:36.680" endtime="20230523 16:59:37.263"/>
</iter>
<status status="PASS" starttime="20230523 16:59:36.680" endtime="20230523 16:59:37.263"/>
</for>
<status status="PASS" starttime="20230523 16:59:35.236" endtime="20230523 16:59:37.263"/>
</kw>
<tag>sanity</tag>
<status status="PASS" starttime="20230523 16:59:26.367" endtime="20230523 16:59:37.263"/>
</test>
<kw name="Close Browser" library="RPA.Browser.Selenium" type="TEARDOWN">
<doc>Closes the current browser.</doc>
<status status="PASS" starttime="20230523 16:59:37.265" endtime="20230523 16:59:39.768"/>
</kw>
<status status="PASS" starttime="20230523 16:59:21.292" endtime="20230523 16:59:39.768"/>
</suite>
<statistics>
<total>
<stat pass="1" fail="0" skip="0">All Tests</stat>
</total>
<tag>
<stat pass="1" fail="0" skip="0">sanity</stat>
</tag>
<suite>
<stat pass="1" fail="0" skip="0" id="s1" name="Testcase">Testcase</stat>
</suite>
</statistics>
<errors>
</errors>
</robot>
